# JRE version: Java(TM) SE Runtime Environment (22.0.2+9) (build 22.0.2+9-70)
# Java VM: Java HotSpot(TM) 64-Bit Server VM (22.0.2+9-70, mixed mode, sharing, tiered, compressed oops, compressed class ptrs, g1 gc, windows-amd64)
GC Precious Log:
 CardTable entry size: 512
 Card Set container configuration: InlinePtr #cards 5 size 8 Array Of Cards #cards 12 size 40 Howl #buckets 4 coarsen threshold 1843 Howl Bitmap #cards 512 size 80 coarsen threshold 460 Card regions per heap region 1 cards per card region 2048
 CPUs: 12 total, 12 available
 Memory: 16088M
 Large Page Support: Disabled
 NUMA Support: Disabled
 Compressed Oops: Enabled (32-bit)
 Heap Region Size: 1M
 Heap Min Capacity: 8M
 Heap Initial Capacity: 252M
 Heap Max Capacity: 2G
 Pre-touch: Disabled
 Parallel Workers: 10
 Concurrent Workers: 3
 Concurrent Refinement Workers: 10
 Periodic GC: Disabled
Heap:
 garbage-first heap   total reserved 2097152K, committed 189440K, used 150170K [0x0000000080000000, 0x0000000100000000)
  region size 1024K, 59 young (60416K), 5 survivors (5120K)
 Metaspace       used 91117K, committed 93376K, reserved 1179648K
  class space    used 13226K, committed 14336K, reserved 1048576K
GC Heap History (20 events):
Event: 7.087 GC heap before
{Heap before GC invocations=15 (full 0):
 garbage-first heap   total reserved 2097152K, committed 131072K, used 115111K [0x0000000080000000, 0x0000000100000000)
  region size 1024K, 53 young (54272K), 9 survivors (9216K)
 Metaspace       used 59690K, committed 61568K, reserved 1114112K
  class space    used 8565K, committed 9472K, reserved 1048576K
}
Event: 7.091 GC heap after
{Heap after GC invocations=16 (full 0):
 garbage-first heap   total reserved 2097152K, committed 131072K, used 72072K [0x0000000080000000, 0x0000000100000000)
  region size 1024K, 2 young (2048K), 2 survivors (2048K)
 Metaspace       used 59690K, committed 61568K, reserved 1114112K
  class space    used 8565K, committed 9472K, reserved 1048576K
}
Event: 7.562 GC heap before
{Heap before GC invocations=16 (full 0):
 garbage-first heap   total reserved 2097152K, committed 131072K, used 120200K [0x0000000080000000, 0x0000000100000000)
  region size 1024K, 45 young (46080K), 2 survivors (2048K)
 Metaspace       used 64416K, committed 66496K, reserved 1114112K
  class space    used 9227K, committed 10240K, reserved 1048576K
}
Event: 7.566 GC heap after
{Heap after GC invocations=17 (full 0):
 garbage-first heap   total reserved 2097152K, committed 131072K, used 77683K [0x0000000080000000, 0x0000000100000000)
  region size 1024K, 6 young (6144K), 6 survivors (6144K)
 Metaspace       used 64416K, committed 66496K, reserved 1114112K
  class space    used 9227K, committed 10240K, reserved 1048576K
}
Event: 7.935 GC heap before
{Heap before GC invocations=17 (full 0):
 garbage-first heap   total reserved 2097152K, committed 131072K, used 116595K [0x0000000080000000, 0x0000000100000000)
  region size 1024K, 44 young (45056K), 6 survivors (6144K)
 Metaspace       used 67171K, committed 69184K, reserved 1114112K
  class space    used 9600K, committed 10560K, reserved 1048576K
}
Event: 7.938 GC heap after
{Heap after GC invocations=18 (full 0):
 garbage-first heap   total reserved 2097152K, committed 131072K, used 80170K [0x0000000080000000, 0x0000000100000000)
  region size 1024K, 3 young (3072K), 3 survivors (3072K)
 Metaspace       used 67171K, committed 69184K, reserved 1114112K
  class space    used 9600K, committed 10560K, reserved 1048576K
}
Event: 8.311 GC heap before
{Heap before GC invocations=19 (full 0):
 garbage-first heap   total reserved 2097152K, committed 137216K, used 118058K [0x0000000080000000, 0x0000000100000000)
  region size 1024K, 40 young (40960K), 3 survivors (3072K)
 Metaspace       used 70890K, committed 73024K, reserved 1114112K
  class space    used 10080K, committed 11072K, reserved 1048576K
}
Event: 8.314 GC heap after
{Heap after GC invocations=20 (full 0):
 garbage-first heap   total reserved 2097152K, committed 137216K, used 81974K [0x0000000080000000, 0x0000000100000000)
  region size 1024K, 4 young (4096K), 4 survivors (4096K)
 Metaspace       used 70890K, committed 73024K, reserved 1114112K
  class space    used 10080K, committed 11072K, reserved 1048576K
}
Event: 8.711 GC heap before
{Heap before GC invocations=20 (full 0):
 garbage-first heap   total reserved 2097152K, committed 137216K, used 127030K [0x0000000080000000, 0x0000000100000000)
  region size 1024K, 45 young (46080K), 4 survivors (4096K)
 Metaspace       used 74058K, committed 76096K, reserved 1114112K
  class space    used 10536K, committed 11520K, reserved 1048576K
}
Event: 8.715 GC heap after
{Heap after GC invocations=21 (full 0):
 garbage-first heap   total reserved 2097152K, committed 137216K, used 86116K [0x0000000080000000, 0x0000000100000000)
  region size 1024K, 4 young (4096K), 4 survivors (4096K)
 Metaspace       used 74058K, committed 76096K, reserved 1114112K
  class space    used 10536K, committed 11520K, reserved 1048576K
}
Event: 9.037 GC heap before
{Heap before GC invocations=21 (full 0):
 garbage-first heap   total reserved 2097152K, committed 137216K, used 124004K [0x0000000080000000, 0x0000000100000000)
  region size 1024K, 41 young (41984K), 4 survivors (4096K)
 Metaspace       used 75881K, committed 77952K, reserved 1179648K
  class space    used 10817K, committed 11776K, reserved 1048576K
}
Event: 9.040 GC heap after
{Heap after GC invocations=22 (full 0):
 garbage-first heap   total reserved 2097152K, committed 137216K, used 90083K [0x0000000080000000, 0x0000000100000000)
  region size 1024K, 6 young (6144K), 6 survivors (6144K)
 Metaspace       used 75881K, committed 77952K, reserved 1179648K
  class space    used 10817K, committed 11776K, reserved 1048576K
}
Event: 9.295 GC heap before
{Heap before GC invocations=23 (full 0):
 garbage-first heap   total reserved 2097152K, committed 152576K, used 120803K [0x0000000080000000, 0x0000000100000000)
  region size 1024K, 37 young (37888K), 6 survivors (6144K)
 Metaspace       used 77599K, committed 79680K, reserved 1179648K
  class space    used 11038K, committed 12032K, reserved 1048576K
}
Event: 9.299 GC heap after
{Heap after GC invocations=24 (full 0):
 garbage-first heap   total reserved 2097152K, committed 152576K, used 91297K [0x0000000080000000, 0x0000000100000000)
  region size 1024K, 3 young (3072K), 3 survivors (3072K)
 Metaspace       used 77599K, committed 79680K, reserved 1179648K
  class space    used 11038K, committed 12032K, reserved 1048576K
}
Event: 9.678 GC heap before
{Heap before GC invocations=24 (full 0):
 garbage-first heap   total reserved 2097152K, committed 152576K, used 137377K [0x0000000080000000, 0x0000000100000000)
  region size 1024K, 47 young (48128K), 3 survivors (3072K)
 Metaspace       used 80818K, committed 83008K, reserved 1179648K
  class space    used 11542K, committed 12608K, reserved 1048576K
}
Event: 9.681 GC heap after
{Heap after GC invocations=25 (full 0):
 garbage-first heap   total reserved 2097152K, committed 152576K, used 91854K [0x0000000080000000, 0x0000000100000000)
  region size 1024K, 4 young (4096K), 4 survivors (4096K)
 Metaspace       used 80818K, committed 83008K, reserved 1179648K
  class space    used 11542K, committed 12608K, reserved 1048576K
}
Event: 10.120 GC heap before
{Heap before GC invocations=25 (full 0):
 garbage-first heap   total reserved 2097152K, committed 152576K, used 138958K [0x0000000080000000, 0x0000000100000000)
  region size 1024K, 50 young (51200K), 4 survivors (4096K)
 Metaspace       used 84427K, committed 86720K, reserved 1179648K
  class space    used 12167K, committed 13248K, reserved 1048576K
}
Event: 10.123 GC heap after
{Heap after GC invocations=26 (full 0):
 garbage-first heap   total reserved 2097152K, committed 152576K, used 93550K [0x0000000080000000, 0x0000000100000000)
  region size 1024K, 6 young (6144K), 6 survivors (6144K)
 Metaspace       used 84427K, committed 86720K, reserved 1179648K
  class space    used 12167K, committed 13248K, reserved 1048576K
}
Event: 10.499 GC heap before
{Heap before GC invocations=27 (full 0):
 garbage-first heap   total reserved 2097152K, committed 157696K, used 136558K [0x0000000080000000, 0x0000000100000000)
  region size 1024K, 48 young (49152K), 6 survivors (6144K)
 Metaspace       used 87253K, committed 89600K, reserved 1179648K
  class space    used 12625K, committed 13760K, reserved 1048576K
}
Event: 10.502 GC heap after
{Heap after GC invocations=28 (full 0):
 garbage-first heap   total reserved 2097152K, committed 189440K, used 95898K [0x0000000080000000, 0x0000000100000000)
  region size 1024K, 5 young (5120K), 5 survivors (5120K)
 Metaspace       used 87253K, committed 89600K, reserved 1179648K
  class space    used 12625K, committed 13760K, reserved 1048576K
}

